This is pdfTeXk, Version 3.141592-1.40.3 (Web2C 7.5.6) (format=pdflatex 2013.8.30)  20 FEB 2014 23:53
entering extended mode
 %&-line parsing enabled.
**stability.tex
(./stability.tex
LaTeX2e <2005/12/01>
Babel <v3.8h> and hyphenation patterns for english, usenglishmax, dumylang, noh
yphenation, arabic, basque, bulgarian, coptic, welsh, czech, slovak, german, ng
erman, danish, esperanto, spanish, catalan, galician, estonian, farsi, finnish,
 french, greek, monogreek, ancientgreek, croatian, hungarian, interlingua, ibyc
us, indonesian, icelandic, italian, latin, mongolian, dutch, norsk, polish, por
tuguese, pinyin, romanian, russian, slovenian, uppersorbian, serbian, swedish, 
turkish, ukenglish, ukrainian, loaded.
LaTeX Font Info:    Try loading font information for OT1+Helvetica-Bold on inpu
t line 4.
LaTeX Font Info:    No file OT1Helvetica-Bold.fd. on input line 4.

LaTeX Font Warning: Font shape `OT1/Helvetica-Bold/m/n' undefined
(Font)              using `OT1/cmr/m/n' instead on input line 4.

\gptboxheight=\skip41
\gptboxwidth=\skip42
\gptboxtext=\box26
LaTeX Font Info:    External font `cmex10' loaded for size
(Font)              <7> on input line 120.
LaTeX Font Info:    External font `cmex10' loaded for size
(Font)              <5> on input line 120.

! Package graphicx or graphics not loaded.

See the gnuplot documentation for explanation.
Type  H <return>  for immediate help.
 ...                                              
                                                  
l.121     \put(0,0){\includegraphics{stability}}
                                                %
? 

! LaTeX Error: Missing \begin{document}.

See the LaTeX manual or LaTeX Companion for explanation.
Type  H <return>  for immediate help.
 ...                                              
                                                  
l.123   \end{picture}
                     %
? 
)
*

Overfull \hbox (381.34033pt too wide) in paragraph at lines 123--0
[][] 
 []

(Please type a command or say `\end')
*
(Please type a command or say `\end')
*
(Please type a command or say `\end')
*
(Please type a command or say `\end')
*
(Please type a command or say `\end')
*
(Please type a command or say `\end')
*
(Please type a command or say `\end')
*
(Please type a command or say `\end')
*
(Please type a command or say `\end')
*
(Please type a command or say `\end')
*
(Please type a command or say `\end')
*
(Please type a command or say `\end')
*\end

*`\end'

! LaTeX Error: \begin{document} ended by \end{`}.

See the LaTeX manual or LaTeX Companion for explanation.
Type  H <return>  for immediate help.
 ...                                              
                                                  
<*> `
     \end'
? x
 
Here is how much of TeX's memory you used:
 35 strings out of 256216
 641 string characters out of 1917072
 49804 words of memory out of 1500000
 3417 multiletter control sequences out of 10000+200000
 3640 words of font info for 14 fonts, out of 1200000 for 2000
 645 hyphenation exceptions out of 8191
 22i,6n,19p,98b,195s stack positions out of 5000i,500n,6000p,200000b,15000s
No pages of output.
PDF statistics:
 0 PDF objects out of 1000 (max. 8388607)
 0 named destinations out of 1000 (max. 131072)
 1 words of extra memory for PDF output out of 10000 (max. 10000000)

